#
# There is insufficient memory for the Java Runtime Environment to continue.
# Native memory allocation (mmap) failed to map 197132288 bytes for G1 virtual space
# Possible reasons:
#   The system is out of physical RAM or swap space
#   The process is running with CompressedOops enabled, and the Java Heap may be blocking the growth of the native heap
# Possible solutions:
#   Reduce memory load on the system
#   Increase physical memory or swap space
#   Check if swap backing store is full
#   Decrease Java heap size (-Xmx/-Xms)
#   Decrease number of Java threads
#   Decrease Java thread stack sizes (-Xss)
#   Set larger code cache with -XX:ReservedCodeCacheSize=
#   JVM is running with Zero Based Compressed Oops mode in which the Java heap is
#     placed in the first 32GB address space. The Java Heap base address is the
#     maximum limit for the native heap growth. Please use -XX:HeapBaseMinAddress
#     to set the Java Heap base and to place the Java Heap above 32GB virtual address.
# This output file may be truncated or incomplete.
#
#  Out of Memory Error (os_windows.cpp:3825), pid=23920, tid=19844
#
# JRE version:  (17.0.10+8) (build )
# Java VM: OpenJDK 64-Bit Server VM (17.0.10+8-b1207.12, mixed mode, sharing, tiered, compressed oops, compressed class ptrs, g1 gc, windows-amd64)
# No core dump will be written. Minidumps are not enabled by default on client versions of Windows
#

---------------  S U M M A R Y ------------

Command Line: git4idea.http.GitAskPassApp Username for 'https://github.com': 

Host: 12th Gen Intel(R) Core(TM) i5-1235U, 12 cores, 11G,  Windows 11 , 64 bit Build 26100 (10.0.26100.3323)
Time: Mon Mar 31 18:06:30 2025 India Standard Time elapsed time: 2.025052 seconds (0d 0h 0m 2s)

---------------  T H R E A D  ---------------

Current thread (0x000001eefe3c8e70):  JavaThread "Unknown thread" [_thread_in_vm, id=19844, stack(0x000000bdd8a00000,0x000000bdd8b00000)]

Stack: [0x000000bdd8a00000,0x000000bdd8b00000]
Native frames: (J=compiled Java code, j=interpreted, Vv=VM code, C=native code)
V  [jvm.dll+0x687989]
V  [jvm.dll+0x84116a]
V  [jvm.dll+0x842dae]
V  [jvm.dll+0x843413]
V  [jvm.dll+0x249ccf]
V  [jvm.dll+0x684759]
V  [jvm.dll+0x67900a]
V  [jvm.dll+0x30ab0b]
V  [jvm.dll+0x311fb6]
V  [jvm.dll+0x361d5e]
V  [jvm.dll+0x361f8f]
V  [jvm.dll+0x2e07f8]
V  [jvm.dll+0x2e1764]
V  [jvm.dll+0x811c31]
V  [jvm.dll+0x36fc11]
V  [jvm.dll+0x7f0666]
V  [jvm.dll+0x3f3daf]
V  [jvm.dll+0x3f5a41]
C  [jli.dll+0x528f]
C  [ucrtbase.dll+0x37b0]
C  [KERNEL32.DLL+0x2e8d7]
C  [ntdll.dll+0xbbf6c]


---------------  P R O C E S S  ---------------

Threads class SMR info:
_java_thread_list=0x00007fff9bf8df58, length=0, elements={
}

Java Threads: ( => current thread )

Other Threads:
  0x000001eefe421a10 GCTaskThread "GC Thread#0" [stack: 0x000000bdd8b00000,0x000000bdd8c00000] [id=21216]
  0x000001eefe42e430 ConcurrentGCThread "G1 Main Marker" [stack: 0x000000bdd8c00000,0x000000bdd8d00000] [id=12844]
  0x000001eefe434190 ConcurrentGCThread "G1 Conc#0" [stack: 0x000000bdd8d00000,0x000000bdd8e00000] [id=18712]

[error occurred during error reporting (printing all threads), id 0xc0000005, EXCEPTION_ACCESS_VIOLATION (0xc0000005) at pc=0x00007fff9b7413c7]

VM state: not at safepoint (not fully initialized)

VM Mutex/Monitor currently owned by a thread:  ([mutex/lock_event])
[0x000001eefe3c34c0] Heap_lock - owner thread: 0x000001eefe3c8e70

Heap address: 0x0000000745200000, size: 2990 MB, Compressed Oops mode: Zero based, Oop shift amount: 3

CDS archive(s) mapped at: [0x0000000000000000-0x0000000000000000-0x0000000000000000), size 0, SharedBaseAddress: 0x0000000800000000, ArchiveRelocationMode: 1.
Narrow klass base: 0x0000000000000000, Narrow klass shift: 0, Narrow klass range: 0x0

GC Precious Log:
<Empty>

Heap:
 garbage-first heap   total 0K, used 0K [0x0000000745200000, 0x0000000800000000)
  region size 2048K, 0 young (0K), 0 survivors (0K)
 Metaspace       used 0K, committed 0K, reserved 0K
  class space    used 0K, committed 0K, reserved 0K

Heap Regions: E=young(eden), S=young(survivor), O=old, HS=humongous(starts), HC=humongous(continues), CS=collection set, F=free, OA=open archive, CA=closed archive, TAMS=top-at-mark-start (previous, next)

Card table byte_map: [0x000001eeff700000,0x000001eeffce0000] _byte_map_base: 0x000001eefbcd7000

Marking Bits (Prev, Next): (CMBitMap*) 0x000001eefe422030, (CMBitMap*) 0x000001eefe422070
 Prev Bits: [0x000001ee92ca0000, 0x000001ee95b58000)
 Next Bits: [0x000001ee95b60000, 0x000001ee98a18000)

GC Heap History (0 events):
No events

Dll operation events (1 events):
Event: 0.007 Loaded shared library C:\Program Files\JetBrains\IntelliJ IDEA Community Edition 2024.1\jbr\bin\java.dll

Deoptimization events (0 events):
No events

Classes unloaded (0 events):
No events

Classes redefined (0 events):
No events

Internal exceptions (0 events):
No events

VM Operations (0 events):
No events

Events (0 events):
No events


Dynamic libraries:
0x00007ff7b94c0000 - 0x00007ff7b94ca000 	C:\Program Files\JetBrains\IntelliJ IDEA Community Edition 2024.1\jbr\bin\java.exe
0x00007ffff6e40000 - 0x00007ffff70a3000 	C:\WINDOWS\SYSTEM32\ntdll.dll
0x00007ffff5720000 - 0x00007ffff57e7000 	C:\WINDOWS\System32\KERNEL32.DLL
0x00007ffff43d0000 - 0x00007ffff4799000 	C:\WINDOWS\System32\KERNELBASE.dll
0x00007ffff4b10000 - 0x00007ffff4c5c000 	C:\WINDOWS\System32\ucrtbase.dll
0x00007fffea0a0000 - 0x00007fffea0b7000 	C:\Program Files\JetBrains\IntelliJ IDEA Community Edition 2024.1\jbr\bin\jli.dll
0x00007fffd0670000 - 0x00007fffd068b000 	C:\Program Files\JetBrains\IntelliJ IDEA Community Edition 2024.1\jbr\bin\VCRUNTIME140.dll
0x00007ffff6bd0000 - 0x00007ffff6d9a000 	C:\WINDOWS\System32\USER32.dll
0x00007ffff4040000 - 0x00007ffff4067000 	C:\WINDOWS\System32\win32u.dll
0x00007ffff58f0000 - 0x00007ffff591a000 	C:\WINDOWS\System32\GDI32.dll
0x00007ffff4850000 - 0x00007ffff4981000 	C:\WINDOWS\System32\gdi32full.dll
0x00007ffff33b0000 - 0x00007ffff3640000 	C:\WINDOWS\WinSxS\amd64_microsoft.windows.common-controls_6595b64144ccf1df_6.0.26100.3323_none_3e088096e3344490\COMCTL32.dll
0x00007ffff47a0000 - 0x00007ffff4843000 	C:\WINDOWS\System32\msvcp_win.dll
0x00007ffff63c0000 - 0x00007ffff6469000 	C:\WINDOWS\System32\msvcrt.dll
0x00007ffff5920000 - 0x00007ffff594f000 	C:\WINDOWS\System32\IMM32.DLL
0x00007fffea1c0000 - 0x00007fffea1cc000 	C:\Program Files\JetBrains\IntelliJ IDEA Community Edition 2024.1\jbr\bin\vcruntime140_1.dll
0x00007fffb0280000 - 0x00007fffb030d000 	C:\Program Files\JetBrains\IntelliJ IDEA Community Edition 2024.1\jbr\bin\msvcp140.dll
0x00007fff9b450000 - 0x00007fff9c0d2000 	C:\Program Files\JetBrains\IntelliJ IDEA Community Edition 2024.1\jbr\bin\server\jvm.dll
0x00007ffff4c60000 - 0x00007ffff4d12000 	C:\WINDOWS\System32\ADVAPI32.dll
0x00007ffff6110000 - 0x00007ffff61b6000 	C:\WINDOWS\System32\sechost.dll
0x00007ffff61c0000 - 0x00007ffff62d6000 	C:\WINDOWS\System32\RPCRT4.dll
0x00007ffff3ef0000 - 0x00007ffff3f3e000 	C:\WINDOWS\SYSTEM32\POWRPROF.dll
0x00007ffff1a70000 - 0x00007ffff1a7b000 	C:\WINDOWS\SYSTEM32\VERSION.dll
0x00007fffc7420000 - 0x00007fffc742a000 	C:\WINDOWS\SYSTEM32\WSOCK32.dll
0x00007ffff6b50000 - 0x00007ffff6bc4000 	C:\WINDOWS\System32\WS2_32.dll
0x00007fffe7300000 - 0x00007fffe7336000 	C:\WINDOWS\SYSTEM32\WINMM.dll
0x00007ffff3ed0000 - 0x00007ffff3ee4000 	C:\WINDOWS\SYSTEM32\UMPDC.dll
0x00007ffff22c0000 - 0x00007ffff22da000 	C:\WINDOWS\SYSTEM32\kernel.appcore.dll
0x00007ffff2990000 - 0x00007ffff299a000 	C:\Program Files\JetBrains\IntelliJ IDEA Community Edition 2024.1\jbr\bin\jimage.dll
0x00007ffff3920000 - 0x00007ffff3b61000 	C:\WINDOWS\SYSTEM32\DBGHELP.DLL
0x00007ffff6700000 - 0x00007ffff6a82000 	C:\WINDOWS\System32\combase.dll
0x00007ffff62e0000 - 0x00007ffff63b6000 	C:\WINDOWS\System32\OLEAUT32.dll
0x00007ffff3680000 - 0x00007ffff36b9000 	C:\WINDOWS\SYSTEM32\dbgcore.DLL
0x00007ffff4330000 - 0x00007ffff43c9000 	C:\WINDOWS\System32\bcryptPrimitives.dll
0x00007fffd80d0000 - 0x00007fffd80f5000 	C:\Program Files\JetBrains\IntelliJ IDEA Community Edition 2024.1\jbr\bin\java.dll

dbghelp: loaded successfully - version: 4.0.5 - missing functions: none
symbol engine: initialized successfully - sym options: 0x614 - pdb path: .;C:\Program Files\JetBrains\IntelliJ IDEA Community Edition 2024.1\jbr\bin;C:\WINDOWS\SYSTEM32;C:\WINDOWS\WinSxS\amd64_microsoft.windows.common-controls_6595b64144ccf1df_6.0.26100.3323_none_3e088096e3344490;C:\Program Files\JetBrains\IntelliJ IDEA Community Edition 2024.1\jbr\bin\server

VM Arguments:
java_command: git4idea.http.GitAskPassApp Username for 'https://github.com': 
java_class_path (initial): C:/Program Files/JetBrains/IntelliJ IDEA Community Edition 2024.1/plugins/vcs-git/lib/git4idea-rt.jar;C:/Program Files/JetBrains/IntelliJ IDEA Community Edition 2024.1/lib/externalProcess-rt.jar
Launcher Type: SUN_STANDARD

[Global flags]
     intx CICompilerCount                          = 4                                         {product} {ergonomic}
     uint ConcGCThreads                            = 3                                         {product} {ergonomic}
     uint G1ConcRefinementThreads                  = 10                                        {product} {ergonomic}
   size_t G1HeapRegionSize                         = 2097152                                   {product} {ergonomic}
    uintx GCDrainStackTargetSize                   = 64                                        {product} {ergonomic}
   size_t InitialHeapSize                          = 197132288                                 {product} {ergonomic}
   size_t MarkStackSize                            = 4194304                                   {product} {ergonomic}
   size_t MaxHeapSize                              = 3135242240                                {product} {ergonomic}
   size_t MinHeapDeltaBytes                        = 2097152                                   {product} {ergonomic}
   size_t MinHeapSize                              = 8388608                                   {product} {ergonomic}
    uintx NonNMethodCodeHeapSize                   = 5839372                                {pd product} {ergonomic}
    uintx NonProfiledCodeHeapSize                  = 122909434                              {pd product} {ergonomic}
    uintx ProfiledCodeHeapSize                     = 122909434                              {pd product} {ergonomic}
    uintx ReservedCodeCacheSize                    = 251658240                              {pd product} {ergonomic}
     bool SegmentedCodeCache                       = true                                      {product} {ergonomic}
   size_t SoftMaxHeapSize                          = 3135242240                             {manageable} {ergonomic}
     bool UseCompressedClassPointers               = true                           {product lp64_product} {ergonomic}
     bool UseCompressedOops                        = true                           {product lp64_product} {ergonomic}
     bool UseG1GC                                  = true                                      {product} {ergonomic}
     bool UseLargePagesIndividualAllocation        = false                                  {pd product} {ergonomic}

Logging:
Log output configuration:
 #0: stdout all=warning uptime,level,tags
 #1: stderr all=off uptime,level,tags

Environment Variables:
JAVA_HOME=C:\Program Files\Java\jdk-17\
PATH=C:\Program Files\Git\mingw64\libexec\git-core;C:\Program Files\Git\mingw64\libexec\git-core;C:\Program Files\Git\mingw64\bin;C:\Program Files\Git\usr\bin;C:\Users\Kiran_Presolv360\bin;C:\Program Files\nodejs;C:\ProgramData\chocolatey\bin;C:\Program Files\apache-maven-3.9.9\bin;C:\Users\Kiran_Presolv360\AppData\Local\Programs\Git\cmd;C:\Users\Kiran_Presolv360\AppData\Local\Programs\Microsoft VS Code\bin;C:\Program Files\JetBrains\IntelliJ IDEA 2024.1\bin;C:\Program Files\JetBrains\IntelliJ IDEA Community Edition 2024.1\bin;C:\Users\Kiran_Presolv360\AppData\Local\Microsoft\WindowsApps;C:\Program Files\Java\jdk-17\bin;C:\Users\Kiran_Presolv360\AppData\Roaming\npm
USERNAME=Kiran_Presolv360
DISPLAY=:0.0
LC_ALL=en_US.UTF-8
TERM=xterm-256color
TMPDIR=C:\Users\KIRAN_~1\AppData\Local\Temp
OS=Windows_NT
PROCESSOR_IDENTIFIER=Intel64 Family 6 Model 154 Stepping 4, GenuineIntel
TMP=C:\Users\KIRAN_~1\AppData\Local\Temp
TEMP=C:\Users\KIRAN_~1\AppData\Local\Temp



Periodic native trim disabled

JNI global refs:
JNI global refs: 0, weak refs: 0

JNI global refs memory usage: 0, weak refs: 0

OOME stack traces (most recent first):
Classloader memory used:


---------------  S Y S T E M  ---------------

OS:
 Windows 11 , 64 bit Build 26100 (10.0.26100.3323)
OS uptime: 3 days 0:53 hours
Hyper-V role detected

CPU: total 12 (initial active 12) (6 cores per cpu, 2 threads per core) family 6 model 154 stepping 4 microcode 0x432, cx8, cmov, fxsr, ht, mmx, 3dnowpref, sse, sse2, sse3, ssse3, sse4.1, sse4.2, popcnt, lzcnt, tsc, tscinvbit, avx, avx2, aes, erms, clmul, bmi1, bmi2, adx, sha, fma, vzeroupper, clflush, clflushopt, clwb, hv
Processor Information for processor 0
  Max Mhz: 1300, Current Mhz: 1300, Mhz Limit: 1300
Processor Information for processor 1
  Max Mhz: 1300, Current Mhz: 1300, Mhz Limit: 1300
Processor Information for processor 2
  Max Mhz: 1300, Current Mhz: 1300, Mhz Limit: 1300
Processor Information for processor 3
  Max Mhz: 1300, Current Mhz: 1300, Mhz Limit: 1300
Processor Information for processor 4
  Max Mhz: 1300, Current Mhz: 900, Mhz Limit: 897
Processor Information for processor 5
  Max Mhz: 1300, Current Mhz: 900, Mhz Limit: 897
Processor Information for processor 6
  Max Mhz: 1300, Current Mhz: 900, Mhz Limit: 897
Processor Information for processor 7
  Max Mhz: 1300, Current Mhz: 900, Mhz Limit: 897
Processor Information for processor 8
  Max Mhz: 1300, Current Mhz: 900, Mhz Limit: 897
Processor Information for processor 9
  Max Mhz: 1300, Current Mhz: 900, Mhz Limit: 897
Processor Information for processor 10
  Max Mhz: 1300, Current Mhz: 900, Mhz Limit: 897
Processor Information for processor 11
  Max Mhz: 1300, Current Mhz: 900, Mhz Limit: 897

Memory: 4k page, system-wide physical 11959M (1308M free)
TotalPageFile size 37455M (AvailPageFile size 65M)
current process WorkingSet (physical memory assigned to process): 12M, peak: 12M
current process commit charge ("private bytes"): 64M, peak: 252M

vm_info: OpenJDK 64-Bit Server VM (17.0.10+8-b1207.12) for windows-amd64 JRE (17.0.10+8-b1207.12), built on 2024-03-15 by "builduser" with MS VC++ 16.10 / 16.11 (VS2019)

END.
